Arguments: 
  /home/kol/.nvm/versions/node/v16.10.0/bin/node /home/kol/.nvm/versions/node/v16.10.0/bin/yarn init

PATH: 
  /home/kol/Apps/google-cloud-sdk/bin:/home/kol/.nvm/versions/node/v16.10.0/bin:/home/kol/Apps/depot_tools:/home/kol/.cargo/bin:/usr/local/sbin:/usr/local/bin:/usr/bin:/usr/lib/jvm/default/bin:/usr/bin/site_perl:/usr/bin/vendor_perl:/usr/bin/core_perl:/home/kol/.local/bin

Yarn version: 
  1.22.16

Node version: 
  16.10.0

Platform: 
  linux x64

Trace: 
  Error: canceled
      at Interface.<anonymous> (/home/kol/.nvm/versions/node/v16.10.0/lib/node_modules/yarn/lib/cli.js:137144:13)
      at Interface.emit (node:events:390:28)
      at Interface._ttyWrite (node:readline:1081:16)
      at ReadStream.onkeypress (node:readline:288:10)
      at ReadStream.emit (node:events:390:28)
      at emitKeys (node:internal/readline/utils:358:14)
      at emitKeys.next (<anonymous>)
      at ReadStream.onData (node:internal/readline/emitKeypressEvents:61:36)
      at ReadStream.emit (node:events:390:28)
      at addChunk (node:internal/streams/readable:315:12)

npm manifest: 
  No manifest

yarn manifest: 
  No manifest

Lockfile: 
  No lockfile
